ERROR [2016-03-20 17:23:29,254] xof.timeSeriesGenerator.factory.StatisticsFactory:18 - StatisticsFactory : failed to get class name CpuStatistics 
java.lang.ClassNotFoundException: xof.timeSeriesGenerator.statisticsCpuStatistics
	at java.net.URLClassLoader.findClass(URLClassLoader.java:381) ~[na:1.8.0_60]
	at java.lang.ClassLoader.loadClass(ClassLoader.java:424) ~[na:1.8.0_60]
	at sun.misc.Launcher$AppClassLoader.loadClass(Launcher.java:331) ~[na:1.8.0_60]
	at java.lang.ClassLoader.loadClass(ClassLoader.java:357) ~[na:1.8.0_60]
	at java.lang.Class.forName0(Native Method) ~[na:1.8.0_60]
	at java.lang.Class.forName(Class.java:264) ~[na:1.8.0_60]
	at xof.timeSeriesGenerator.factory.StatisticsFactory.getStatistics(StatisticsFactory.java:16) ~[classes/:na]
	at xof.timeSeriesGenerator.controller.GeneratorController.start(GeneratorController.java:78) [classes/:na]
	at xof.timeSeriesGenerator.frame.MainFrame$2.mouseClicked(MainFrame.java:184) [classes/:na]
	at java.awt.AWTEventMulticaster.mouseClicked(AWTEventMulticaster.java:270) [na:1.8.0_60]
	at java.awt.Component.processMouseEvent(Component.java:6538) [na:1.8.0_60]
	at javax.swing.JComponent.processMouseEvent(JComponent.java:3324) [na:1.8.0_60]
	at java.awt.Component.processEvent(Component.java:6300) [na:1.8.0_60]
	at java.awt.Container.processEvent(Container.java:2236) [na:1.8.0_60]
	at java.awt.Component.dispatchEventImpl(Component.java:4891) [na:1.8.0_60]
	at java.awt.Container.dispatchEventImpl(Container.java:2294) [na:1.8.0_60]
	at java.awt.Component.dispatchEvent(Component.java:4713) [na:1.8.0_60]
	at java.awt.LightweightDispatcher.retargetMouseEvent(Container.java:4888) [na:1.8.0_60]
	at java.awt.LightweightDispatcher.processMouseEvent(Container.java:4534) [na:1.8.0_60]
	at java.awt.LightweightDispatcher.dispatchEvent(Container.java:4466) [na:1.8.0_60]
	at java.awt.Container.dispatchEventImpl(Container.java:2280) [na:1.8.0_60]
	at java.awt.Window.dispatchEventImpl(Window.java:2750) [na:1.8.0_60]
	at java.awt.Component.dispatchEvent(Component.java:4713) [na:1.8.0_60]
	at java.awt.EventQueue.dispatchEventImpl(EventQueue.java:758) [na:1.8.0_60]
	at java.awt.EventQueue.access$500(EventQueue.java:97) [na:1.8.0_60]
	at java.awt.EventQueue$3.run(EventQueue.java:709) [na:1.8.0_60]
	at java.awt.EventQueue$3.run(EventQueue.java:703) [na:1.8.0_60]
	at java.security.AccessController.doPrivileged(Native Method) [na:1.8.0_60]
	at java.security.ProtectionDomain$JavaSecurityAccessImpl.doIntersectionPrivilege(ProtectionDomain.java:76) [na:1.8.0_60]
	at java.security.ProtectionDomain$JavaSecurityAccessImpl.doIntersectionPrivilege(ProtectionDomain.java:86) [na:1.8.0_60]
	at java.awt.EventQueue$4.run(EventQueue.java:731) [na:1.8.0_60]
	at java.awt.EventQueue$4.run(EventQueue.java:729) [na:1.8.0_60]
	at java.security.AccessController.doPrivileged(Native Method) [na:1.8.0_60]
	at java.security.ProtectionDomain$JavaSecurityAccessImpl.doIntersectionPrivilege(ProtectionDomain.java:76) [na:1.8.0_60]
	at java.awt.EventQueue.dispatchEvent(EventQueue.java:728) [na:1.8.0_60]
	at java.awt.EventDispatchThread.pumpOneEventForFilters(EventDispatchThread.java:201) [na:1.8.0_60]
	at java.awt.EventDispatchThread.pumpEventsForFilter(EventDispatchThread.java:116) [na:1.8.0_60]
	at java.awt.EventDispatchThread.pumpEventsForHierarchy(EventDispatchThread.java:105) [na:1.8.0_60]
	at java.awt.EventDispatchThread.pumpEvents(EventDispatchThread.java:101) [na:1.8.0_60]
	at java.awt.EventDispatchThread.pumpEvents(EventDispatchThread.java:93) [na:1.8.0_60]
	at java.awt.EventDispatchThread.run(EventDispatchThread.java:82) [na:1.8.0_60]
ERROR [2016-03-20 17:25:29,021] xof.timeSeriesGenerator.factory.StatisticsFactory:19 - StatisticsFactory : failed to get class name CpuStatistics 
java.lang.ClassNotFoundException: xof.timeSeriesGenerator.statisticsCpuStatistics
	at java.net.URLClassLoader.findClass(URLClassLoader.java:381) ~[na:1.8.0_60]
	at java.lang.ClassLoader.loadClass(ClassLoader.java:424) ~[na:1.8.0_60]
	at sun.misc.Launcher$AppClassLoader.loadClass(Launcher.java:331) ~[na:1.8.0_60]
	at java.lang.ClassLoader.loadClass(ClassLoader.java:357) ~[na:1.8.0_60]
	at java.lang.Class.forName0(Native Method) ~[na:1.8.0_60]
	at java.lang.Class.forName(Class.java:264) ~[na:1.8.0_60]
	at xof.timeSeriesGenerator.factory.StatisticsFactory.getStatistics(StatisticsFactory.java:17) [classes/:na]
	at xof.timeSeriesGenerator.factory.StatisticsFactory.main(StatisticsFactory.java:32) [classes/:na]
